0x0 00101100100111111111111111111111
0x4 00101100000100000000000001001000
0x8 00111100000000011100000000111100
0xc 10001000011100000000000000000000
0x10 00101100000100000000000001100101
0x14 10001000011100000000000000000000
0x18 00101100000100000000000001101100
0x1c 10001000011100000000000000000000
0x20 00101100000100000000000001101100
0x24 10001000011100000000000000000000
0x28 00101100000100000000000001101111
0x2c 10001000011100000000000000000000
0x30 00101100000100000000000000100001
0x34 10001000011100000000000000000000
0x38 10011000000000000000000000000000
0x3c 00101100001000000000111100000100
0x40 01101000001000000000000100000000
0x44 00101100001000000000111100000000
0x48 00101100000101010000000000000000
0x4c 00011000000100000100101000000000
0x50 01101000001000000000000100000000
0x54 10000011010100000000000000000000
0x58 00101100000000000000000011111111
0x5c 10011000000000000000000000000000
